<?xml version="1.0" encoding="UTF-8"?>
<robot generator="Robot 5.0.1 (Python 3.10.5 on win32)" generated="20220729 11:24:29.244" rpa="false" schemaversion="3">
<suite id="s1" name="Bdd" source="C:\Users\usuário\Desktop\CursoDeRobot\Aula-5\bdd.robot">
<test id="s1-t1" name="Cenário 1: Executar vídeo no site do YouTube." line="39">
<kw name="Dado que eu acesso o site do youtube">
<kw name="Open Browser" library="SeleniumLibrary">
<arg>${URL}</arg>
<arg>${Browser}</arg>
<doc>Opens a new browser instance to the optional ``url``.</doc>
<msg timestamp="20220729 11:24:34.558" level="INFO">Opening browser 'chrome' to base url 'https://www.youtube.com'.</msg>
<status status="PASS" starttime="20220729 11:24:34.558" endtime="20220729 11:25:26.557"/>
</kw>
<status status="PASS" starttime="20220729 11:24:34.557" endtime="20220729 11:25:26.557"/>
</kw>
<kw name="Quando digito o nome da musica">
<kw name="Input Text" library="SeleniumLibrary">
<arg>${imput_pesquisa}</arg>
<arg>${NomeDaMusica}</arg>
<doc>Types the given ``text`` into the text field identified by ``locator``.</doc>
<msg timestamp="20220729 11:25:26.560" level="INFO">Typing text '4 Am Derivakat' into text field '//input[@id="search"]'.</msg>
<status status="PASS" starttime="20220729 11:25:26.559" endtime="20220729 11:25:53.569"/>
</kw>
<status status="PASS" starttime="20220729 11:25:26.558" endtime="20220729 11:25:53.569"/>
</kw>
<kw name="E clico no botao buscar">
<kw name="Click Element" library="SeleniumLibrary">
<arg>${button_pesquisa}</arg>
<doc>Click the element identified by ``locator``.</doc>
<msg timestamp="20220729 11:25:53.587" level="INFO">Clicking element '//button[@id="search-icon-legacy"]'.</msg>
<status status="PASS" starttime="20220729 11:25:53.586" endtime="20220729 11:25:56.269"/>
</kw>
<status status="PASS" starttime="20220729 11:25:53.585" endtime="20220729 11:25:56.269"/>
</kw>
<kw name="E clico na primeira opcao da lista">
<kw name="Wait Until Element Is Visible" library="SeleniumLibrary">
<arg>${primeiro}</arg>
<arg>timeout=15s</arg>
<doc>Waits until the element ``locator`` is visible.</doc>
<status status="PASS" starttime="20220729 11:25:56.275" endtime="20220729 11:25:59.809"/>
</kw>
<kw name="Click Element" library="SeleniumLibrary">
<arg>${primeiro}</arg>
<doc>Click the element identified by ``locator``.</doc>
<msg timestamp="20220729 11:25:59.810" level="INFO">Clicking element '(//yt-formatted-string[@class="style-scope ytd-video-renderer"])[1]'.</msg>
<status status="PASS" starttime="20220729 11:25:59.809" endtime="20220729 11:26:03.470"/>
</kw>
<status status="PASS" starttime="20220729 11:25:56.273" endtime="20220729 11:26:03.470"/>
</kw>
<kw name="Então o video eh executado">
<kw name="Wait Until Element Is Visible" library="SeleniumLibrary">
<arg>${Prova}</arg>
<arg>timeout=15s</arg>
<doc>Waits until the element ``locator`` is visible.</doc>
<msg timestamp="20220729 11:26:49.164" level="INFO" html="true">&lt;/td&gt;&lt;/tr&gt;&lt;tr&gt;&lt;td colspan="3"&gt;&lt;a href="selenium-screenshot-2.png"&gt;&lt;img src="selenium-screenshot-2.png" width="800px"&gt;&lt;/a&gt;</msg>
<msg timestamp="20220729 11:26:49.166" level="FAIL">InvalidSelectorException: Message: invalid selector: Unable to locate an element with the xpath expression //yt-formatted-string[contais(text(),"Compartilhar")] because of the following error:
SyntaxError: Failed to execute 'evaluate' on 'Document': The string '//yt-formatted-string[contais(text(),"Compartilhar")]' is not a valid XPath expression.
  (Session info: chrome=103.0.5060.134)
Stacktrace:
Backtrace:
	Ordinal0 [0x00695FD3+2187219]
	Ordinal0 [0x0062E6D1+1763025]
	Ordinal0 [0x00543E78+802424]
	Ordinal0 [0x00546854+813140]
	Ordinal0 [0x00546712+812818]
	Ordinal0 [0x005469A0+813472]
	Ordinal0 [0x00571925+989477]
	Ordinal0 [0x00571EAB+990891]
	Ordinal0 [0x0059ECCC+1174732]
	Ordinal0 [0x0058CBD4+1100756]
	Ordinal0 [0x0059CFC2+1167298]
	Ordinal0 [0x0058C9A6+1100198]
	Ordinal0 [0x00566F80+946048]
	Ordinal0 [0x00567E76+949878]
	GetHandleVerifier [0x009390C2+2721218]
	GetHandleVerifier [0x0092AAF0+2662384]
	GetHandleVerifier [0x0072137A+526458]
	GetHandleVerifier [0x00720416+522518]
	Ordinal0 [0x00634EAB+1789611]
	Ordinal0 [0x006397A8+1808296]
	Ordinal0 [0x00639895+1808533]
	Ordinal0 [0x006426C1+1844929]
	BaseThreadInitThunk [0x761BFA29+25]
	RtlGetAppContainerNamedObjectPath [0x77CA7A9E+286]
	RtlGetAppContainerNamedObjectPath [0x77CA7A6E+238]
</msg>
<status status="FAIL" starttime="20220729 11:26:03.479" endtime="20220729 11:26:50.316"/>
</kw>
<kw name="Element Should Be Visible" library="SeleniumLibrary">
<arg>${Prova}</arg>
<doc>Verifies that the element identified by ``locator`` is visible.</doc>
<status status="NOT RUN" starttime="20220729 11:26:50.317" endtime="20220729 11:26:50.317"/>
</kw>
<kw name="Sleep" library="BuiltIn">
<arg>15</arg>
<doc>Pauses the test executed for the given time.</doc>
<status status="NOT RUN" starttime="20220729 11:26:50.317" endtime="20220729 11:26:50.318"/>
</kw>
<kw name="Close Browser" library="SeleniumLibrary">
<doc>Closes the current browser.</doc>
<status status="NOT RUN" starttime="20220729 11:26:50.318" endtime="20220729 11:26:50.318"/>
</kw>
<status status="FAIL" starttime="20220729 11:26:03.478" endtime="20220729 11:26:50.320"/>
</kw>
<status status="FAIL" starttime="20220729 11:24:34.556" endtime="20220729 11:26:50.322">InvalidSelectorException: Message: invalid selector: Unable to locate an element with the xpath expression //yt-formatted-string[contais(text(),"Compartilhar")] because of the following error:
SyntaxError: Failed to execute 'evaluate' on 'Document': The string '//yt-formatted-string[contais(text(),"Compartilhar")]' is not a valid XPath expression.
  (Session info: chrome=103.0.5060.134)
Stacktrace:
Backtrace:
	Ordinal0 [0x00695FD3+2187219]
	Ordinal0 [0x0062E6D1+1763025]
	Ordinal0 [0x00543E78+802424]
	Ordinal0 [0x00546854+813140]
	Ordinal0 [0x00546712+812818]
	Ordinal0 [0x005469A0+813472]
	Ordinal0 [0x00571925+989477]
	Ordinal0 [0x00571EAB+990891]
	Ordinal0 [0x0059ECCC+1174732]
	Ordinal0 [0x0058CBD4+1100756]
	Ordinal0 [0x0059CFC2+1167298]
	Ordinal0 [0x0058C9A6+1100198]
	Ordinal0 [0x00566F80+946048]
	Ordinal0 [0x00567E76+949878]
	GetHandleVerifier [0x009390C2+2721218]
	GetHandleVerifier [0x0092AAF0+2662384]
	GetHandleVerifier [0x0072137A+526458]
	GetHandleVerifier [0x00720416+522518]
	Ordinal0 [0x00634EAB+1789611]
	Ordinal0 [0x006397A8+1808296]
	Ordinal0 [0x00639895+1808533]
	Ordinal0 [0x006426C1+1844929]
	BaseThreadInitThunk [0x761BFA29+25]
	RtlGetAppContainerNamedObjectPath [0x77CA7A9E+286]
	RtlGetAppContainerNamedObjectPath [0x77CA7A6E+238]
</status>
</test>
<status status="FAIL" starttime="20220729 11:24:29.251" endtime="20220729 11:26:50.335"/>
</suite>
<statistics>
<total>
<stat pass="0" fail="1" skip="0">All Tests</stat>
</total>
<tag>
</tag>
<suite>
<stat pass="0" fail="1" skip="0" id="s1" name="Bdd">Bdd</stat>
</suite>
</statistics>
<errors>
</errors>
</robot>
