<?xml version="1.0" encoding="UTF-8"?>
<robot generator="Robot 5.0.1 (Python 3.10.5 on win32)" generated="20220728 14:47:07.885" rpa="false" schemaversion="3">
<suite id="s1" name="Bdd" source="C:\Users\usuário\Desktop\CursoDeRobot\Aula-5\bdd.robot">
<test id="s1-t1" name="Cenário 1: Executar vídeo no site do YouTube." line="39">
<kw name="Dado que eu acesso o site do youtube">
<kw name="Open Browser" library="SeleniumLibrary">
<arg>${URL}</arg>
<arg>${Browser}</arg>
<doc>Opens a new browser instance to the optional ``url``.</doc>
<msg timestamp="20220728 14:47:12.111" level="INFO">Opening browser 'chrome' to base url 'https://www.youtube.com'.</msg>
<status status="PASS" starttime="20220728 14:47:12.110" endtime="20220728 14:47:52.523"/>
</kw>
<status status="PASS" starttime="20220728 14:47:12.110" endtime="20220728 14:47:52.524"/>
</kw>
<kw name="Quando digito o nome da musica">
<kw name="Input Text" library="SeleniumLibrary">
<arg>${imput_pesquisa}</arg>
<arg>${NomeDaMusica}</arg>
<doc>Types the given ``text`` into the text field identified by ``locator``.</doc>
<msg timestamp="20220728 14:47:52.529" level="INFO">Typing text '4 Am Derivakat' into text field '//input[@id="search"]'.</msg>
<status status="PASS" starttime="20220728 14:47:52.528" endtime="20220728 14:48:21.031"/>
</kw>
<status status="PASS" starttime="20220728 14:47:52.527" endtime="20220728 14:48:21.032"/>
</kw>
<kw name="E clico no botao buscar">
<kw name="Click Element" library="SeleniumLibrary">
<arg>${button_pesquisa}</arg>
<doc>Click the element identified by ``locator``.</doc>
<msg timestamp="20220728 14:48:21.034" level="INFO">Clicking element '//button[@id="search-icon-legacy"]'.</msg>
<status status="PASS" starttime="20220728 14:48:21.033" endtime="20220728 14:48:26.853"/>
</kw>
<status status="PASS" starttime="20220728 14:48:21.032" endtime="20220728 14:48:26.853"/>
</kw>
<kw name="E clico na primeira opcao da lista">
<kw name="Wait Until Element Is Visible" library="SeleniumLibrary">
<arg>${primeiro}</arg>
<arg>timeout=15s</arg>
<doc>Waits until the element ``locator`` is visible.</doc>
<status status="PASS" starttime="20220728 14:48:26.871" endtime="20220728 14:48:32.053"/>
</kw>
<kw name="Click Element" library="SeleniumLibrary">
<arg>${primeiro}</arg>
<doc>Click the element identified by ``locator``.</doc>
<msg timestamp="20220728 14:48:32.054" level="INFO">Clicking element '(//yt-formatted-string[@class="style-scope ytd-video-renderer"])[1]'.</msg>
<status status="PASS" starttime="20220728 14:48:32.053" endtime="20220728 14:48:33.181"/>
</kw>
<status status="PASS" starttime="20220728 14:48:26.870" endtime="20220728 14:48:33.182"/>
</kw>
<kw name="Então o video eh executado">
<kw name="Wait Until Element Is Visible" library="SeleniumLibrary">
<arg>${Prova}</arg>
<arg>timeout=15s</arg>
<doc>Waits until the element ``locator`` is visible.</doc>
<msg timestamp="20220728 14:50:37.103" level="INFO" html="true">&lt;/td&gt;&lt;/tr&gt;&lt;tr&gt;&lt;td colspan="3"&gt;&lt;a href="selenium-screenshot-1.png"&gt;&lt;img src="selenium-screenshot-1.png" width="800px"&gt;&lt;/a&gt;</msg>
<msg timestamp="20220728 14:50:37.105" level="FAIL">InvalidSelectorException: Message: invalid selector: Unable to locate an element with the xpath expression //yt-formatted-string[contais(text(),"Compartilhar")] because of the following error:
SyntaxError: Failed to execute 'evaluate' on 'Document': The string '//yt-formatted-string[contais(text(),"Compartilhar")]' is not a valid XPath expression.
  (Session info: chrome=103.0.5060.134)
Stacktrace:
Backtrace:
	Ordinal0 [0x011F5FD3+2187219]
	Ordinal0 [0x0118E6D1+1763025]
	Ordinal0 [0x010A3E78+802424]
	Ordinal0 [0x010A6854+813140]
	Ordinal0 [0x010A6712+812818]
	Ordinal0 [0x010A69A0+813472]
	Ordinal0 [0x010D1925+989477]
	Ordinal0 [0x010D1EAB+990891]
	Ordinal0 [0x010FECCC+1174732]
	Ordinal0 [0x010ECBD4+1100756]
	Ordinal0 [0x010FCFC2+1167298]
	Ordinal0 [0x010EC9A6+1100198]
	Ordinal0 [0x010C6F80+946048]
	Ordinal0 [0x010C7E76+949878]
	GetHandleVerifier [0x014990C2+2721218]
	GetHandleVerifier [0x0148AAF0+2662384]
	GetHandleVerifier [0x0128137A+526458]
	GetHandleVerifier [0x01280416+522518]
	Ordinal0 [0x01194EAB+1789611]
	Ordinal0 [0x011997A8+1808296]
	Ordinal0 [0x01199895+1808533]
	Ordinal0 [0x011A26C1+1844929]
	BaseThreadInitThunk [0x75AFFA29+25]
	RtlGetAppContainerNamedObjectPath [0x77257A9E+286]
	RtlGetAppContainerNamedObjectPath [0x77257A6E+238]
</msg>
<status status="FAIL" starttime="20220728 14:48:33.198" endtime="20220728 14:50:42.233"/>
</kw>
<kw name="Element Should Be Visible" library="SeleniumLibrary">
<arg>${Prova}</arg>
<doc>Verifies that the element identified by ``locator`` is visible.</doc>
<status status="NOT RUN" starttime="20220728 14:50:42.234" endtime="20220728 14:50:42.235"/>
</kw>
<kw name="Sleep" library="BuiltIn">
<arg>15</arg>
<doc>Pauses the test executed for the given time.</doc>
<status status="NOT RUN" starttime="20220728 14:50:42.235" endtime="20220728 14:50:42.235"/>
</kw>
<kw name="Close Browser" library="SeleniumLibrary">
<doc>Closes the current browser.</doc>
<status status="NOT RUN" starttime="20220728 14:50:42.235" endtime="20220728 14:50:42.235"/>
</kw>
<status status="FAIL" starttime="20220728 14:48:33.197" endtime="20220728 14:50:42.242"/>
</kw>
<status status="FAIL" starttime="20220728 14:47:12.108" endtime="20220728 14:50:42.245">InvalidSelectorException: Message: invalid selector: Unable to locate an element with the xpath expression //yt-formatted-string[contais(text(),"Compartilhar")] because of the following error:
SyntaxError: Failed to execute 'evaluate' on 'Document': The string '//yt-formatted-string[contais(text(),"Compartilhar")]' is not a valid XPath expression.
  (Session info: chrome=103.0.5060.134)
Stacktrace:
Backtrace:
	Ordinal0 [0x011F5FD3+2187219]
	Ordinal0 [0x0118E6D1+1763025]
	Ordinal0 [0x010A3E78+802424]
	Ordinal0 [0x010A6854+813140]
	Ordinal0 [0x010A6712+812818]
	Ordinal0 [0x010A69A0+813472]
	Ordinal0 [0x010D1925+989477]
	Ordinal0 [0x010D1EAB+990891]
	Ordinal0 [0x010FECCC+1174732]
	Ordinal0 [0x010ECBD4+1100756]
	Ordinal0 [0x010FCFC2+1167298]
	Ordinal0 [0x010EC9A6+1100198]
	Ordinal0 [0x010C6F80+946048]
	Ordinal0 [0x010C7E76+949878]
	GetHandleVerifier [0x014990C2+2721218]
	GetHandleVerifier [0x0148AAF0+2662384]
	GetHandleVerifier [0x0128137A+526458]
	GetHandleVerifier [0x01280416+522518]
	Ordinal0 [0x01194EAB+1789611]
	Ordinal0 [0x011997A8+1808296]
	Ordinal0 [0x01199895+1808533]
	Ordinal0 [0x011A26C1+1844929]
	BaseThreadInitThunk [0x75AFFA29+25]
	RtlGetAppContainerNamedObjectPath [0x77257A9E+286]
	RtlGetAppContainerNamedObjectPath [0x77257A6E+238]
</status>
</test>
<status status="FAIL" starttime="20220728 14:47:07.960" endtime="20220728 14:50:42.256"/>
</suite>
<statistics>
<total>
<stat pass="0" fail="1" skip="0">All Tests</stat>
</total>
<tag>
</tag>
<suite>
<stat pass="0" fail="1" skip="0" id="s1" name="Bdd">Bdd</stat>
</suite>
</statistics>
<errors>
</errors>
</robot>
